Determining if the pthread_create exist failed with the following output:
Change Dir: /home/alexj/Dropbox/UFMG/04-2-2016/JornalPaper/02-code/03-ros_ws_latpop_new/build/CMakeFiles/CMakeTmp

Run Build Command:"/usr/bin/make" "cmTC_bddc9/fast"
/usr/bin/make -f CMakeFiles/cmTC_bddc9.dir/build.make CMakeFiles/cmTC_bddc9.dir/build
make[1]: Entering directory '/home/alexj/Dropbox/UFMG/04-2-2016/JornalPaper/02-code/03-ros_ws_latpop_new/build/CMakeFiles/CMakeTmp'
Building C object CMakeFiles/cmTC_bddc9.dir/CheckSymbolExists.c.o
/usr/bin/cc     -o CMakeFiles/cmTC_bddc9.dir/CheckSymbolExists.c.o   -c /home/alexj/Dropbox/UFMG/04-2-2016/JornalPaper/02-code/03-ros_ws_latpop_new/build/CMakeFiles/CMakeTmp/CheckSymbolExists.c
Linking C executable cmTC_bddc9
/usr/bin/cmake -E cmake_link_script CMakeFiles/cmTC_bddc9.dir/link.txt --verbose=1
/usr/bin/cc       CMakeFiles/cmTC_bddc9.dir/CheckSymbolExists.c.o  -o cmTC_bddc9 -rdynamic 
CMakeFiles/cmTC_bddc9.dir/CheckSymbolExists.c.o: In function `main':
CheckSymbolExists.c:(.text+0x16): undefined reference to `pthread_create'
collect2: error: ld returned 1 exit status
CMakeFiles/cmTC_bddc9.dir/build.make:97: recipe for target 'cmTC_bddc9' failed
make[1]: *** [cmTC_bddc9] Error 1
make[1]: Leaving directory '/home/alexj/Dropbox/UFMG/04-2-2016/JornalPaper/02-code/03-ros_ws_latpop_new/build/CMakeFiles/CMakeTmp'
Makefile:126: recipe for target 'cmTC_bddc9/fast' failed
make: *** [cmTC_bddc9/fast] Error 2

File /home/alexj/Dropbox/UFMG/04-2-2016/JornalPaper/02-code/03-ros_ws_latpop_new/build/CMakeFiles/CMakeTmp/CheckSymbolExists.c:
/* */
#include <pthread.h>

int main(int argc, char** argv)
{
  (void)argv;
#ifndef pthread_create
  return ((int*)(&pthread_create))[argc];
#else
  (void)argc;
  return 0;
#endif
}

Determining if the function pthread_create exists in the pthreads failed with the following output:
Change Dir: /home/alexj/Dropbox/UFMG/04-2-2016/JornalPaper/02-code/03-ros_ws_latpop_new/build/CMakeFiles/CMakeTmp

Run Build Command:"/usr/bin/make" "cmTC_03e21/fast"
/usr/bin/make -f CMakeFiles/cmTC_03e21.dir/build.make CMakeFiles/cmTC_03e21.dir/build
make[1]: Entering directory '/home/alexj/Dropbox/UFMG/04-2-2016/JornalPaper/02-code/03-ros_ws_latpop_new/build/CMakeFiles/CMakeTmp'
Building C object CMakeFiles/cmTC_03e21.dir/CheckFunctionExists.c.o
/usr/bin/cc    -DCHECK_FUNCTION_EXISTS=pthread_create   -o CMakeFiles/cmTC_03e21.dir/CheckFunctionExists.c.o   -c /usr/share/cmake-3.5/Modules/CheckFunctionExists.c
Linking C executable cmTC_03e21
/usr/bin/cmake -E cmake_link_script CMakeFiles/cmTC_03e21.dir/link.txt --verbose=1
/usr/bin/cc   -DCHECK_FUNCTION_EXISTS=pthread_create    CMakeFiles/cmTC_03e21.dir/CheckFunctionExists.c.o  -o cmTC_03e21 -rdynamic -lpthreads 
/usr/bin/ld: cannot find -lpthreads
collect2: error: ld returned 1 exit status
CMakeFiles/cmTC_03e21.dir/build.make:97: recipe for target 'cmTC_03e21' failed
make[1]: *** [cmTC_03e21] Error 1
make[1]: Leaving directory '/home/alexj/Dropbox/UFMG/04-2-2016/JornalPaper/02-code/03-ros_ws_latpop_new/build/CMakeFiles/CMakeTmp'
Makefile:126: recipe for target 'cmTC_03e21/fast' failed
make: *** [cmTC_03e21/fast] Error 2


